<?xml version="1.0" encoding="UTF-8"?>
<testsuite name="il.ac.technion.cs.softwaredesign.CourseTorrentStaffTest$BigTest" tests="1" skipped="0" failures="0" errors="0" timestamp="2020-06-28T19:54:59" hostname="NADAV-LAPTOP" time="46.697">
  <properties/>
  <testcase name="200 torrents with uniformly distributed announce and scrape calls()" classname="il.ac.technion.cs.softwaredesign.CourseTorrentStaffTest$BigTest" time="46.697"/>
  <system-out><![CDATA[]]></system-out>
  <system-err><![CDATA[]]></system-err>
</testsuite>
