<?xml version="1.0" encoding="UTF-8"?>
<testsuite name="il.ac.technion.cs.softwaredesign.CourseTorrentStaffTest$MediumTest" tests="2" skipped="0" failures="0" errors="0" timestamp="2020-06-28T19:54:51" hostname="NADAV-LAPTOP" time="6.762">
  <properties/>
  <testcase name="announce with multiple trackers with shuffle()" classname="il.ac.technion.cs.softwaredesign.CourseTorrentStaffTest$MediumTest" time="2.098"/>
  <testcase name="scrape with multiple trackers()" classname="il.ac.technion.cs.softwaredesign.CourseTorrentStaffTest$MediumTest" time="4.053"/>
  <system-out><![CDATA[]]></system-out>
  <system-err><![CDATA[]]></system-err>
</testsuite>
