<?xml version="1.0" encoding="UTF-8"?>
<testsuite name="il.ac.technion.cs.softwaredesign.CourseTorrentTestHW1" tests="1" skipped="0" failures="1" errors="0" timestamp="2020-05-17T19:16:28" hostname="TP13-01" time="92.743">
  <properties/>
  <testcase name="after announce, client has up-to-date peer list()" classname="il.ac.technion.cs.softwaredesign.CourseTorrentTestHW1" time="92.743">
    <failure message="java.lang.AssertionError: expected: a value that in which any element has ip that is equal to &quot;127.0.0.22&quot; and has port that is equal to 6887&#10;but was [KnownPeer(ip=62.175.67.83, port=104147, peerId=null), KnownPeer(ip=91.121.106.86, port=175200, peerId=null), KnownPeer(ip=89.23.196.37, port=4247, peerId=null), KnownPeer(ip=176.97.40.0, port=7122, peerId=null), KnownPeer(ip=188.83.30.183, port=242182, peerId=null), KnownPeer(ip=45.12.220.232, port=1413, peerId=null), KnownPeer(ip=46.165.250.76, port=23248, peerId=null), KnownPeer(ip=178.46.165.195, port=215124, peerId=null), KnownPeer(ip=66.190.107.36, port=12124, peerId=null), KnownPeer(ip=86.115.224.10, port=191255, peerId=null), KnownPeer(ip=37.58.57.100, port=148131, peerId=null), KnownPeer(ip=111.201.91.175, port=253232, peerId=null), KnownPeer(ip=178.88.129.63, port=220168, peerId=null), KnownPeer(ip=98.143.0.51, port=1928, peerId=null), KnownPeer(ip=134.19.189.250, port=200213, peerId=null), KnownPeer(ip=81.98.94.123, port=173110, peerId=null), KnownPeer(ip=78.131.70.187, port=218179, peerId=null), KnownPeer(ip=51.83.153.3, port=200213, peerId=null), KnownPeer(ip=80.98.44.173, port=200213, peerId=null), KnownPeer(ip=93.66.18.78, port=14067, peerId=null), KnownPeer(ip=174.89.82.85, port=26225, peerId=null), KnownPeer(ip=95.129.253.49, port=200213, peerId=null), KnownPeer(ip=69.250.49.85, port=19580, peerId=null), KnownPeer(ip=213.32.0.74, port=218169, peerId=null), KnownPeer(ip=192.162.109.198, port=200213, peerId=null), KnownPeer(ip=2.93.126.128, port=3538, peerId=null), KnownPeer(ip=88.17.32.46, port=22888, peerId=null), KnownPeer(ip=65.101.138.230, port=210241, peerId=null), KnownPeer(ip=149.202.222.226, port=214225, peerId=null), KnownPeer(ip=81.11.184.231, port=22249, peerId=null), KnownPeer(ip=185.51.134.202, port=15131, peerId=null), KnownPeer(ip=73.97.189.156, port=26225, peerId=null), KnownPeer(ip=130.93.23.161, port=152132, peerId=null), KnownPeer(ip=101.86.57.133, port=3539, peerId=null), KnownPeer(ip=216.195.129.27, port=23496, peerId=null), KnownPeer(ip=217.197.184.248, port=2232, peerId=null), KnownPeer(ip=178.251.70.249, port=200213, peerId=null), KnownPeer(ip=92.247.152.29, port=19799, peerId=null), KnownPeer(ip=136.36.41.68, port=200213, peerId=null), KnownPeer(ip=45.31.13.186, port=221225, peerId=null), KnownPeer(ip=92.142.28.195, port=200213, peerId=null), KnownPeer(ip=95.165.153.84, port=200213, peerId=null), KnownPeer(ip=82.200.42.82, port=200213, peerId=null), KnownPeer(ip=130.239.18.159, port=27210, peerId=null), KnownPeer(ip=84.54.180.155, port=253233, peerId=null), KnownPeer(ip=94.130.184.253, port=200213, peerId=null), KnownPeer(ip=92.52.249.239, port=21188, peerId=null), KnownPeer(ip=192.131.44.119, port=242104, peerId=null), KnownPeer(ip=208.74.156.222, port=122105, peerId=null), KnownPeer(ip=46.38.234.97, port=200213, peerId=null)]" type="java.lang.AssertionError">java.lang.AssertionError: expected: a value that in which any element has ip that is equal to &quot;127.0.0.22&quot; and has port that is equal to 6887
but was [KnownPeer(ip=62.175.67.83, port=104147, peerId=null), KnownPeer(ip=91.121.106.86, port=175200, peerId=null), KnownPeer(ip=89.23.196.37, port=4247, peerId=null), KnownPeer(ip=176.97.40.0, port=7122, peerId=null), KnownPeer(ip=188.83.30.183, port=242182, peerId=null), KnownPeer(ip=45.12.220.232, port=1413, peerId=null), KnownPeer(ip=46.165.250.76, port=23248, peerId=null), KnownPeer(ip=178.46.165.195, port=215124, peerId=null), KnownPeer(ip=66.190.107.36, port=12124, peerId=null), KnownPeer(ip=86.115.224.10, port=191255, peerId=null), KnownPeer(ip=37.58.57.100, port=148131, peerId=null), KnownPeer(ip=111.201.91.175, port=253232, peerId=null), KnownPeer(ip=178.88.129.63, port=220168, peerId=null), KnownPeer(ip=98.143.0.51, port=1928, peerId=null), KnownPeer(ip=134.19.189.250, port=200213, peerId=null), KnownPeer(ip=81.98.94.123, port=173110, peerId=null), KnownPeer(ip=78.131.70.187, port=218179, peerId=null), KnownPeer(ip=51.83.153.3, port=200213, peerId=null), KnownPeer(ip=80.98.44.173, port=200213, peerId=null), KnownPeer(ip=93.66.18.78, port=14067, peerId=null), KnownPeer(ip=174.89.82.85, port=26225, peerId=null), KnownPeer(ip=95.129.253.49, port=200213, peerId=null), KnownPeer(ip=69.250.49.85, port=19580, peerId=null), KnownPeer(ip=213.32.0.74, port=218169, peerId=null), KnownPeer(ip=192.162.109.198, port=200213, peerId=null), KnownPeer(ip=2.93.126.128, port=3538, peerId=null), KnownPeer(ip=88.17.32.46, port=22888, peerId=null), KnownPeer(ip=65.101.138.230, port=210241, peerId=null), KnownPeer(ip=149.202.222.226, port=214225, peerId=null), KnownPeer(ip=81.11.184.231, port=22249, peerId=null), KnownPeer(ip=185.51.134.202, port=15131, peerId=null), KnownPeer(ip=73.97.189.156, port=26225, peerId=null), KnownPeer(ip=130.93.23.161, port=152132, peerId=null), KnownPeer(ip=101.86.57.133, port=3539, peerId=null), KnownPeer(ip=216.195.129.27, port=23496, peerId=null), KnownPeer(ip=217.197.184.248, port=2232, peerId=null), KnownPeer(ip=178.251.70.249, port=200213, peerId=null), KnownPeer(ip=92.247.152.29, port=19799, peerId=null), KnownPeer(ip=136.36.41.68, port=200213, peerId=null), KnownPeer(ip=45.31.13.186, port=221225, peerId=null), KnownPeer(ip=92.142.28.195, port=200213, peerId=null), KnownPeer(ip=95.165.153.84, port=200213, peerId=null), KnownPeer(ip=82.200.42.82, port=200213, peerId=null), KnownPeer(ip=130.239.18.159, port=27210, peerId=null), KnownPeer(ip=84.54.180.155, port=253233, peerId=null), KnownPeer(ip=94.130.184.253, port=200213, peerId=null), KnownPeer(ip=92.52.249.239, port=21188, peerId=null), KnownPeer(ip=192.131.44.119, port=242104, peerId=null), KnownPeer(ip=208.74.156.222, port=122105, peerId=null), KnownPeer(ip=46.38.234.97, port=200213, peerId=null)]
	at com.natpryce.hamkrest.assertion.AssertKt.assertThat(assert.kt:19)
	at com.natpryce.hamkrest.assertion.AssertKt.assertThat$default(assert.kt:16)
	at il.ac.technion.cs.softwaredesign.CourseTorrentTestHW1.after announce, client has up-to-date peer list(CourseTorrentTestHW1.kt:86)
	at java.base/jdk.internal.reflect.NativeMethodAccessorImpl.invoke0(Native Method)
	at java.base/jdk.internal.reflect.NativeMethodAccessorImpl.invoke(NativeMethodAccessorImpl.java:62)
	at java.base/jdk.internal.reflect.DelegatingMethodAccessorImpl.invoke(DelegatingMethodAccessorImpl.java:43)
	at java.base/java.lang.reflect.Method.invoke(Method.java:564)
	at org.junit.platform.commons.util.ReflectionUtils.invokeMethod(ReflectionUtils.java:686)
	at org.junit.jupiter.engine.execution.MethodInvocation.proceed(MethodInvocation.java:60)
	at org.junit.jupiter.engine.execution.InvocationInterceptorChain$ValidatingInvocation.proceed(InvocationInterceptorChain.java:131)
	at org.junit.jupiter.engine.extension.TimeoutExtension.intercept(TimeoutExtension.java:149)
	at org.junit.jupiter.engine.extension.TimeoutExtension.interceptTestableMethod(TimeoutExtension.java:140)
	at org.junit.jupiter.engine.extension.TimeoutExtension.interceptTestMethod(TimeoutExtension.java:84)
	at org.junit.jupiter.engine.execution.ExecutableInvoker$ReflectiveInterceptorCall.lambda$ofVoidMethod$0(ExecutableInvoker.java:115)
	at org.junit.jupiter.engine.execution.ExecutableInvoker.lambda$invoke$0(ExecutableInvoker.java:105)
	at org.junit.jupiter.engine.execution.InvocationInterceptorChain$InterceptedInvocation.proceed(InvocationInterceptorChain.java:106)
	at org.junit.jupiter.engine.execution.InvocationInterceptorChain.proceed(InvocationInterceptorChain.java:64)
	at org.junit.jupiter.engine.execution.InvocationInterceptorChain.chainAndInvoke(InvocationInterceptorChain.java:45)
	at org.junit.jupiter.engine.execution.InvocationInterceptorChain.invoke(InvocationInterceptorChain.java:37)
	at org.junit.jupiter.engine.execution.ExecutableInvoker.invoke(ExecutableInvoker.java:104)
	at org.junit.jupiter.engine.execution.ExecutableInvoker.invoke(ExecutableInvoker.java:98)
	at org.junit.jupiter.engine.descriptor.TestMethodTestDescriptor.lambda$invokeTestMethod$6(TestMethodTestDescriptor.java:212)
	at org.junit.platform.engine.support.hierarchical.ThrowableCollector.execute(ThrowableCollector.java:73)
	at org.junit.jupiter.engine.descriptor.TestMethodTestDescriptor.invokeTestMethod(TestMethodTestDescriptor.java:208)
	at org.junit.jupiter.engine.descriptor.TestMethodTestDescriptor.execute(TestMethodTestDescriptor.java:137)
	at org.junit.jupiter.engine.descriptor.TestMethodTestDescriptor.execute(TestMethodTestDescriptor.java:71)
	at org.junit.platform.engine.support.hierarchical.NodeTestTask.lambda$executeRecursively$5(NodeTestTask.java:135)
	at org.junit.platform.engine.support.hierarchical.ThrowableCollector.execute(ThrowableCollector.java:73)
	at org.junit.platform.engine.support.hierarchical.NodeTestTask.lambda$executeRecursively$7(NodeTestTask.java:125)
	at org.junit.platform.engine.support.hierarchical.Node.around(Node.java:135)
	at org.junit.platform.engine.support.hierarchical.NodeTestTask.lambda$executeRecursively$8(NodeTestTask.java:123)
	at org.junit.platform.engine.support.hierarchical.ThrowableCollector.execute(ThrowableCollector.java:73)
	at org.junit.platform.engine.support.hierarchical.NodeTestTask.executeRecursively(NodeTestTask.java:122)
	at org.junit.platform.engine.support.hierarchical.NodeTestTask.execute(NodeTestTask.java:80)
	at java.base/java.util.ArrayList.forEach(ArrayList.java:1510)
	at org.junit.platform.engine.support.hierarchical.SameThreadHierarchicalTestExecutorService.invokeAll(SameThreadHierarchicalTestExecutorService.java:38)
	at org.junit.platform.engine.support.hierarchical.NodeTestTask.lambda$executeRecursively$5(NodeTestTask.java:139)
	at org.junit.platform.engine.support.hierarchical.ThrowableCollector.execute(ThrowableCollector.java:73)
	at org.junit.platform.engine.support.hierarchical.NodeTestTask.lambda$executeRecursively$7(NodeTestTask.java:125)
	at org.junit.platform.engine.support.hierarchical.Node.around(Node.java:135)
	at org.junit.platform.engine.support.hierarchical.NodeTestTask.lambda$executeRecursively$8(NodeTestTask.java:123)
	at org.junit.platform.engine.support.hierarchical.ThrowableCollector.execute(ThrowableCollector.java:73)
	at org.junit.platform.engine.support.hierarchical.NodeTestTask.executeRecursively(NodeTestTask.java:122)
	at org.junit.platform.engine.support.hierarchical.NodeTestTask.execute(NodeTestTask.java:80)
	at java.base/java.util.ArrayList.forEach(ArrayList.java:1510)
	at org.junit.platform.engine.support.hierarchical.SameThreadHierarchicalTestExecutorService.invokeAll(SameThreadHierarchicalTestExecutorService.java:38)
	at org.junit.platform.engine.support.hierarchical.NodeTestTask.lambda$executeRecursively$5(NodeTestTask.java:139)
	at org.junit.platform.engine.support.hierarchical.ThrowableCollector.execute(ThrowableCollector.java:73)
	at org.junit.platform.engine.support.hierarchical.NodeTestTask.lambda$executeRecursively$7(NodeTestTask.java:125)
	at org.junit.platform.engine.support.hierarchical.Node.around(Node.java:135)
	at org.junit.platform.engine.support.hierarchical.NodeTestTask.lambda$executeRecursively$8(NodeTestTask.java:123)
	at org.junit.platform.engine.support.hierarchical.ThrowableCollector.execute(ThrowableCollector.java:73)
	at org.junit.platform.engine.support.hierarchical.NodeTestTask.executeRecursively(NodeTestTask.java:122)
	at org.junit.platform.engine.support.hierarchical.NodeTestTask.execute(NodeTestTask.java:80)
	at org.junit.platform.engine.support.hierarchical.SameThreadHierarchicalTestExecutorService.submit(SameThreadHierarchicalTestExecutorService.java:32)
	at org.junit.platform.engine.support.hierarchical.HierarchicalTestExecutor.execute(HierarchicalTestExecutor.java:57)
	at org.junit.platform.engine.support.hierarchical.HierarchicalTestEngine.execute(HierarchicalTestEngine.java:51)
	at org.junit.platform.launcher.core.DefaultLauncher.execute(DefaultLauncher.java:220)
	at org.junit.platform.launcher.core.DefaultLauncher.lambda$execute$6(DefaultLauncher.java:188)
	at org.junit.platform.launcher.core.DefaultLauncher.withInterceptedStreams(DefaultLauncher.java:202)
	at org.junit.platform.launcher.core.DefaultLauncher.execute(DefaultLauncher.java:181)
	at org.junit.platform.launcher.core.DefaultLauncher.execute(DefaultLauncher.java:128)
	at org.gradle.api.internal.tasks.testing.junitplatform.JUnitPlatformTestClassProcessor$CollectAllTestClassesExecutor.processAllTestClasses(JUnitPlatformTestClassProcessor.java:99)
	at org.gradle.api.internal.tasks.testing.junitplatform.JUnitPlatformTestClassProcessor$CollectAllTestClassesExecutor.access$000(JUnitPlatformTestClassProcessor.java:79)
	at org.gradle.api.internal.tasks.testing.junitplatform.JUnitPlatformTestClassProcessor.stop(JUnitPlatformTestClassProcessor.java:75)
	at org.gradle.api.internal.tasks.testing.SuiteTestClassProcessor.stop(SuiteTestClassProcessor.java:61)
	at java.base/jdk.internal.reflect.NativeMethodAccessorImpl.invoke0(Native Method)
	at java.base/jdk.internal.reflect.NativeMethodAccessorImpl.invoke(NativeMethodAccessorImpl.java:62)
	at java.base/jdk.internal.reflect.DelegatingMethodAccessorImpl.invoke(DelegatingMethodAccessorImpl.java:43)
	at java.base/java.lang.reflect.Method.invoke(Method.java:564)
	at org.gradle.internal.dispatch.ReflectionDispatch.dispatch(ReflectionDispatch.java:36)
	at org.gradle.internal.dispatch.ReflectionDispatch.dispatch(ReflectionDispatch.java:24)
	at org.gradle.internal.dispatch.ContextClassLoaderDispatch.dispatch(ContextClassLoaderDispatch.java:33)
	at org.gradle.internal.dispatch.ProxyDispatchAdapter$DispatchingInvocationHandler.invoke(ProxyDispatchAdapter.java:94)
	at com.sun.proxy.$Proxy2.stop(Unknown Source)
	at org.gradle.api.internal.tasks.testing.worker.TestWorker.stop(TestWorker.java:132)
	at java.base/jdk.internal.reflect.NativeMethodAccessorImpl.invoke0(Native Method)
	at java.base/jdk.internal.reflect.NativeMethodAccessorImpl.invoke(NativeMethodAccessorImpl.java:62)
	at java.base/jdk.internal.reflect.DelegatingMethodAccessorImpl.invoke(DelegatingMethodAccessorImpl.java:43)
	at java.base/java.lang.reflect.Method.invoke(Method.java:564)
	at org.gradle.internal.dispatch.ReflectionDispatch.dispatch(ReflectionDispatch.java:36)
	at org.gradle.internal.dispatch.ReflectionDispatch.dispatch(ReflectionDispatch.java:24)
	at org.gradle.internal.remote.internal.hub.MessageHubBackedObjectConnection$DispatchWrapper.dispatch(MessageHubBackedObjectConnection.java:182)
	at org.gradle.internal.remote.internal.hub.MessageHubBackedObjectConnection$DispatchWrapper.dispatch(MessageHubBackedObjectConnection.java:164)
	at org.gradle.internal.remote.internal.hub.MessageHub$Handler.run(MessageHub.java:412)
	at org.gradle.internal.concurrent.ExecutorPolicy$CatchAndRecordFailures.onExecute(ExecutorPolicy.java:64)
	at org.gradle.internal.concurrent.ManagedExecutorImpl$1.run(ManagedExecutorImpl.java:48)
	at java.base/java.util.concurrent.ThreadPoolExecutor.runWorker(ThreadPoolExecutor.java:1130)
	at java.base/java.util.concurrent.ThreadPoolExecutor$Worker.run(ThreadPoolExecutor.java:630)
	at org.gradle.internal.concurrent.ThreadFactoryImpl$ManagedThreadRunnable.run(ThreadFactoryImpl.java:56)
	at java.base/java.lang.Thread.run(Thread.java:832)
</failure>
  </testcase>
  <system-out><![CDATA[]]></system-out>
  <system-err><![CDATA[]]></system-err>
</testsuite>
